2025-04-30 00:01:24,671 [INFO] Starting download: https://www.youtube.com/playlist?list=PLKVx4zuArgpzONS5aUshh0zxdkWPgszkZ
2025-04-30 00:01:30,906 [ERROR] Error processing {'type': 'playlist', 'id': 'PLKVx4zuArgpzONS5aUshh0zxdkWPgszkZ'}: [0;31mERROR:[0m [youtube] WS3PIHygZMc: Signature extraction failed: Traceback (most recent call last):
  File "/usr/lib/python3/dist-packages/yt_dlp/extractor/youtube.py", line 2494, in _decrypt_signature
    func = self._extract_signature_function(
  File "/usr/lib/python3/dist-packages/yt_dlp/extractor/youtube.py", line 2410, in _extract_signature_function
    res = self._parse_sig_js(code)
  File "/usr/lib/python3/dist-packages/yt_dlp/extractor/youtube.py", line 2482, in _parse_sig_js
    initial_function = jsi.extract_function(funcname)
  File "/usr/lib/python3/dist-packages/yt_dlp/jsinterp.py", line 504, in extract_function
    return self.extract_function_from_code(*self.extract_function_code(funcname))
  File "/usr/lib/python3/dist-packages/yt_dlp/jsinterp.py", line 498, in extract_function_code
    code, _ = self._separate_at_paren(func_m.group('code'), '}')  # refine the match
AttributeError: 'NoneType' object has no attribute 'group'
 (caused by AttributeError("'NoneType' object has no attribute 'group'")); please report this issue on  https://github.com/yt-dlp/yt-dlp/issues?q= , filling out the appropriate issue template. Confirm you are on the latest version using  yt-dlp -U
2025-04-30 00:02:09,058 [INFO] Starting download: https://www.youtube.com/playlist?list=PLKVx4zuArgpzONS5aUshh0zxdkWPgszkZ
2025-04-30 00:02:14,194 [ERROR] Error processing {'type': 'playlist', 'id': 'PLKVx4zuArgpzONS5aUshh0zxdkWPgszkZ'}: [0;31mERROR:[0m [youtube] WS3PIHygZMc: Signature extraction failed: Traceback (most recent call last):
  File "/usr/lib/python3/dist-packages/yt_dlp/extractor/youtube.py", line 2494, in _decrypt_signature
    func = self._extract_signature_function(
  File "/usr/lib/python3/dist-packages/yt_dlp/extractor/youtube.py", line 2410, in _extract_signature_function
    res = self._parse_sig_js(code)
  File "/usr/lib/python3/dist-packages/yt_dlp/extractor/youtube.py", line 2482, in _parse_sig_js
    initial_function = jsi.extract_function(funcname)
  File "/usr/lib/python3/dist-packages/yt_dlp/jsinterp.py", line 504, in extract_function
    return self.extract_function_from_code(*self.extract_function_code(funcname))
  File "/usr/lib/python3/dist-packages/yt_dlp/jsinterp.py", line 498, in extract_function_code
    code, _ = self._separate_at_paren(func_m.group('code'), '}')  # refine the match
AttributeError: 'NoneType' object has no attribute 'group'
 (caused by AttributeError("'NoneType' object has no attribute 'group'")); please report this issue on  https://github.com/yt-dlp/yt-dlp/issues?q= , filling out the appropriate issue template. Confirm you are on the latest version using  yt-dlp -U
2025-04-30 00:04:22,931 [INFO] Starting download: https://www.youtube.com/playlist?list=PLKVx4zuArgpzONS5aUshh0zxdkWPgszkZ
2025-04-30 00:07:09,571 [INFO] Starting download: https://www.youtube.com/playlist?list=PLKVx4zuArgpzONS5aUshh0zxdkWPgszkZ
2025-04-30 00:28:14,269 [INFO] Starting download: https://www.youtube.com/playlist?list=PLKVx4zuArgpzONS5aUshh0zxdkWPgszkZ
2025-04-30 00:31:01,446 [INFO] Starting download: https://www.youtube.com/watch?v=hfL8H9kNYMI&list=RDhfL8H9kNYMI&start_radio=1
2025-04-30 00:32:34,113 [INFO] Starting download: /home/ali/Müzik/rap
2025-04-30 00:33:04,997 [INFO] Starting download: https://www.youtube.com/watch?v=hfL8H9kNYMI&list=RDhfL8H9kNYMI&start_radio=1
2025-04-30 00:35:38,775 [INFO] Starting download: https://www.youtube.com/watch?v=hfL8H9kNYMI&list=RDhfL8H9kNYMI&start_radio=1
2025-04-30 00:45:18,226 [INFO] Starting download: /home/ali/Müzik/trend10
2025-04-30 00:45:33,242 [INFO] Starting download: sagopa
2025-04-30 00:47:01,654 [INFO] Starting download: trending musi
2025-04-30 22:22:40,581 [INFO] Starting download: //home/ali/Müzik/liked
2025-04-30 22:23:39,325 [INFO] Starting download: https://music.youtube.com/playlist?list=LM
